version https://git-lfs.github.com/spec/v1
oid sha256:491cb94add90ed24928ade166f6bd3954c9c59737ee284238a1ecb1125abd105
size 35548
