version https://git-lfs.github.com/spec/v1
oid sha256:6da412582369e2d7111fad9b91d770bc92b5fab9a897d53b4616b889122d3bdf
size 35548
