version https://git-lfs.github.com/spec/v1
oid sha256:e0c241a3bf6f591c357dfb6e6dcec9b5e928c6e1648aa72864bcac6086869e87
size 35525
